2013/11/21 12:56:15 INFO  com.vnsoft.server.TomcatServer:?  - >>>>>>>>>>>>>> Starting TomcatServer Successfully>>>>>>>>>...
2013/11/21 13:06:24 INFO  com.vnsoft.server.TomcatServer:?  - >>>>>>>>>>>>>> Starting TomcatServer Successfully>>>>>>>>>...
2013/11/21 13:07:44 INFO  com.vnsoft.server.TomcatServer:23  - >>>>>>>>>>>>>> Starting TomcatServer Successfully>>>>>>>>>...
2013/11/21 13:09:40 INFO  com.vnsoft.server.TomcatServer:23  - >>>>>>>>>>>>>> Starting TomcatServer Successfully>>>>>>>>>...
2013/11/21 13:11:51 INFO  com.vnsoft.server.TomcatServer:23  - >>>>>>>>>>>>>> Starting TomcatServer Successfully>>>>>>>>>...
2013/11/21 13:13:59 INFO  com.vnsoft.server.TomcatServer:23  - >>>>>>>>>>>>>> Starting TomcatServer Successfully>>>>>>>>>...
2013/11/21 13:14:03 INFO  com.vnsoft.server.actions.MyPageAction:54  - >>>>>>>>>>>>>> Call my page >>>>>>>>>...
2013/11/21 13:18:30 INFO  com.vnsoft.server.TomcatServer:23  - >>>>>>>>>>>>>> Starting TomcatServer Successfully>>>>>>>>>...
2013/11/21 13:18:34 INFO  com.vnsoft.server.actions.MyPageAction:54  - >>>>>>>>>>>>>> Call my page >>>>>>>>>...
2013/11/21 13:19:27 INFO  com.vnsoft.server.TomcatServer:23  - >>>>>>>>>>>>>> Starting TomcatServer Successfully>>>>>>>>>...
2013/11/21 13:19:30 INFO  com.vnsoft.server.actions.MyPageAction:54  - >>>>>>>>>>>>>> Call my page >>>>>>>>>...
2013/11/21 13:21:23 INFO  com.vnsoft.server.TomcatServer:23  - >>>>>>>>>>>>>> conf>>>>>>>>>...D:/Working/projects/vietpage_trunk/log4j.propertieslocalhost8080D:/Working/projects/vietpage_trunk/webapps
2013/11/21 13:21:27 INFO  com.vnsoft.server.TomcatServer:28  - >>>>>>>>>>>>>> Starting TomcatServer Successfully>>>>>>>>>...
2013/11/21 13:22:29 INFO  com.vnsoft.server.TomcatServer:23  - >>>>>>>>>>>>>> conf>>>>>>>>>...D:/Working/projects/vietpage_trunk/log4j.propertieslocalhost8080kientv123456D:/Working/projects/vietpage_trunk/webapps
2013/11/21 13:22:33 INFO  com.vnsoft.server.TomcatServer:30  - >>>>>>>>>>>>>> Starting TomcatServer Successfully>>>>>>>>>...
2013/11/21 13:23:49 INFO  com.vnsoft.server.TomcatServer:23  - >>>>>>>>>>>>>> conf>>>>>>>>>...D:/Working/projects/vietpage_trunk/log4j.propertieslocalhost8080kientv123456D:/Working/projects/vietpage_trunk/webapps
2013/11/21 13:23:53 INFO  com.vnsoft.server.TomcatServer:30  - >>>>>>>>>>>>>> Starting TomcatServer Successfully>>>>>>>>>...
2013/11/21 13:24:00 INFO  com.vnsoft.server.actions.MyPageAction:54  - >>>>>>>>>>>>>> Call my page >>>>>>>>>...
2013/11/21 13:24:54 INFO  com.vnsoft.server.TomcatServer:23  - >>>>>>>>>>>>>> conf>>>>>>>>>...D:/Working/projects/vietpage_trunk/log4j.propertieslocalhost8080kientv123456D:/Working/projects/vietpage_trunk/webapps
2013/11/21 13:24:58 INFO  com.vnsoft.server.TomcatServer:30  - >>>>>>>>>>>>>> Starting TomcatServer Successfully>>>>>>>>>...
2013/11/21 13:25:04 INFO  com.vnsoft.server.actions.MyPageAction:56  - >>>>>>>>>>>>>> Call my page >>>>>>>>>...
2013/11/21 13:25:04 INFO  com.vnsoft.server.actions.MyPageAction:42  - >>>>>>>>>>>>>> Call my page >>>>>>>>>...6
